<?xml version="1.0" encoding="UTF-8"?>
<coverage generated="1580287205308" clover="3.2.0">
  <project timestamp="1580287205309" name="All files">
    <metrics statements="12" coveredstatements="12" conditionals="4" coveredconditionals="2" methods="5" coveredmethods="5" elements="21" coveredelements="19" complexity="0" loc="12" ncloc="12" packages="1" files="1" classes="1"/>
    <file name="logic.js" path="/home/msf/Desktop/LMAR_Express/script/logic.js">
      <metrics statements="12" coveredstatements="12" conditionals="4" coveredconditionals="2" methods="5" coveredmethods="5"/>
      <line num="1" count="1" type="stmt"/>
      <line num="2" count="2" type="cond" truecount="1" falsecount="1"/>
      <line num="3" count="2" type="stmt"/>
      <line num="4" count="2" type="stmt"/>
      <line num="5" count="2" type="stmt"/>
      <line num="7" count="2" type="stmt"/>
      <line num="10" count="1" type="stmt"/>
      <line num="11" count="6" type="stmt"/>
      <line num="14" count="1" type="stmt"/>
      <line num="15" count="3" type="stmt"/>
      <line num="18" count="1" type="cond" truecount="1" falsecount="1"/>
      <line num="19" count="1" type="stmt"/>
    </file>
  </project>
</coverage>
