{"/home/msf/Desktop/LMAR_Express/script/logic.js": {"path":"/home/msf/Desktop/LMAR_Express/script/logic.js","statementMap":{"0":{"start":{"line":1,"column":14},"end":{"line":8,"column":1}},"1":{"start":{"line":2,"column":2},"end":{"line":6,"column":3}},"2":{"start":{"line":3,"column":17},"end":{"line":3,"column":43}},"3":{"start":{"line":4,"column":4},"end":{"line":4,"column":13}},"4":{"start":{"line":5,"column":4},"end":{"line":5,"column":21}},"5":{"start":{"line":7,"column":2},"end":{"line":7,"column":26}},"6":{"start":{"line":10,"column":0},"end":{"line":14,"column":1}},"7":{"start":{"line":11,"column":2},"end":{"line":13,"column":4}}},"fnMap":{"0":{"name":"addItem","decl":{"start":{"line":1,"column":23},"end":{"line":1,"column":30}},"loc":{"start":{"line":1,"column":44},"end":{"line":8,"column":1}},"line":1}},"branchMap":{"0":{"loc":{"start":{"line":2,"column":2},"end":{"line":6,"column":3}},"type":"if","locations":[{"start":{"line":2,"column":2},"end":{"line":6,"column":3}},{"start":{"line":2,"column":2},"end":{"line":6,"column":3}}],"line":2},"1":{"loc":{"start":{"line":10,"column":0},"end":{"line":14,"column":1}},"type":"if","locations":[{"start":{"line":10,"column":0},"end":{"line":14,"column":1}},{"start":{"line":10,"column":0},"end":{"line":14,"column":1}}],"line":10}},"s":{"0":1,"1":2,"2":2,"3":2,"4":2,"5":2,"6":1,"7":1},"f":{"0":2},"b":{"0":[2,0],"1":[1,0]},"_coverageSchema":"1a1c01bbd47fc00a2c39e90264f33305004495a9","hash":"46bcebbadfbb1fb9cea47b0c7c550d89e68c397a"}
}
