{"/home/lina/Desktop/G8/LMAR_Express/script/logic.js": {"path":"/home/lina/Desktop/G8/LMAR_Express/script/logic.js","statementMap":{"0":{"start":{"line":1,"column":14},"end":{"line":8,"column":1}},"1":{"start":{"line":2,"column":2},"end":{"line":6,"column":3}},"2":{"start":{"line":3,"column":17},"end":{"line":3,"column":43}},"3":{"start":{"line":4,"column":4},"end":{"line":4,"column":13}},"4":{"start":{"line":5,"column":4},"end":{"line":5,"column":21}},"5":{"start":{"line":7,"column":2},"end":{"line":7,"column":26}},"6":{"start":{"line":10,"column":21},"end":{"line":12,"column":1}},"7":{"start":{"line":11,"column":2},"end":{"line":11,"column":47}},"8":{"start":{"line":11,"column":29},"end":{"line":11,"column":45}},"9":{"start":{"line":14,"column":21},"end":{"line":16,"column":1}},"10":{"start":{"line":15,"column":2},"end":{"line":15,"column":80}},"11":{"start":{"line":15,"column":38},"end":{"line":15,"column":78}},"12":{"start":{"line":18,"column":14},"end":{"line":18,"column":72}},"13":{"start":{"line":18,"column":40},"end":{"line":18,"column":70}},"14":{"start":{"line":19,"column":2},"end":{"line":19,"column":21}},"15":{"start":{"line":22,"column":0},"end":{"line":29,"column":1}},"16":{"start":{"line":23,"column":2},"end":{"line":28,"column":4}}},"fnMap":{"0":{"name":"addItem","decl":{"start":{"line":1,"column":23},"end":{"line":1,"column":30}},"loc":{"start":{"line":1,"column":44},"end":{"line":8,"column":1}},"line":1},"1":{"name":"(anonymous_1)","decl":{"start":{"line":10,"column":21},"end":{"line":10,"column":22}},"loc":{"start":{"line":10,"column":44},"end":{"line":12,"column":1}},"line":10},"2":{"name":"(anonymous_2)","decl":{"start":{"line":11,"column":22},"end":{"line":11,"column":23}},"loc":{"start":{"line":11,"column":29},"end":{"line":11,"column":45}},"line":11},"3":{"name":"searchItem","decl":{"start":{"line":14,"column":30},"end":{"line":14,"column":40}},"loc":{"start":{"line":14,"column":61},"end":{"line":16,"column":1}},"line":14},"4":{"name":"(anonymous_4)","decl":{"start":{"line":15,"column":22},"end":{"line":15,"column":23}},"loc":{"start":{"line":15,"column":38},"end":{"line":15,"column":78}},"line":15},"5":{"name":"totalPrice","decl":{"start":{"line":17,"column":9},"end":{"line":17,"column":19}},"loc":{"start":{"line":17,"column":27},"end":{"line":20,"column":1}},"line":17},"6":{"name":"(anonymous_6)","decl":{"start":{"line":18,"column":27},"end":{"line":18,"column":28}},"loc":{"start":{"line":18,"column":40},"end":{"line":18,"column":70}},"line":18}},"branchMap":{"0":{"loc":{"start":{"line":2,"column":2},"end":{"line":6,"column":3}},"type":"if","locations":[{"start":{"line":2,"column":2},"end":{"line":6,"column":3}},{"start":{"line":2,"column":2},"end":{"line":6,"column":3}}],"line":2},"1":{"loc":{"start":{"line":22,"column":0},"end":{"line":29,"column":1}},"type":"if","locations":[{"start":{"line":22,"column":0},"end":{"line":29,"column":1}},{"start":{"line":22,"column":0},"end":{"line":29,"column":1}}],"line":22}},"s":{"0":1,"1":2,"2":2,"3":2,"4":2,"5":2,"6":1,"7":2,"8":6,"9":1,"10":1,"11":3,"12":1,"13":2,"14":1,"15":1,"16":1},"f":{"0":2,"1":2,"2":6,"3":1,"4":3,"5":1,"6":2},"b":{"0":[2,0],"1":[1,0]},"_coverageSchema":"1a1c01bbd47fc00a2c39e90264f33305004495a9","hash":"7922c91a0abecb3ca380ce99aebf19dc6621eaa4"}
}
